2025-11-12 02:41:55,250 - __main__ - INFO - ============================================================
2025-11-12 02:41:55,251 - __main__ - INFO - AutoDecX Audio Analysis Backend Initialized
2025-11-12 02:41:55,252 - __main__ - INFO - ============================================================
2025-11-12 02:41:55,260 - __main__ - INFO - 
============================================================
2025-11-12 02:41:55,266 - __main__ - INFO - ============================================================
2025-11-12 02:41:55,291 - __main__ - INFO - ============================================================
2025-11-12 02:41:57,019 - __main__ - INFO - ============================================================
2025-11-12 02:41:57,020 - __main__ - INFO - AutoDecX Audio Analysis Backend Initialized
2025-11-12 02:41:57,020 - __main__ - INFO - ============================================================
2025-11-12 02:41:57,025 - __main__ - INFO - 
============================================================
2025-11-12 02:41:57,027 - __main__ - INFO - ============================================================
2025-11-12 02:41:57,037 - __main__ - INFO - ============================================================
2025-11-12 02:44:57,765 - __main__ - INFO - Incoming request: GET /api/vehicle-models
2025-11-12 02:44:57,765 - __main__ - INFO - Remote address: 127.0.0.1
2025-11-12 02:44:57,766 - __main__ - INFO - User agent: Mozilla/5.0 (Windows NT 10.0; Win64; x64) AppleWebKit/537.36 (KHTML, like Gecko) Chrome/142.0.0.0 Safari/537.36
2025-11-12 02:44:59,812 - __main__ - INFO - Response status: 200
2025-11-12 02:44:59,813 - __main__ - INFO - Response size: 491 bytes
2025-11-12 02:45:41,773 - __main__ - INFO - Incoming request: POST /upload
2025-11-12 02:45:41,773 - __main__ - INFO - Remote address: 127.0.0.1
2025-11-12 02:45:41,774 - __main__ - INFO - User agent: Mozilla/5.0 (Windows NT 10.0; Win64; x64) AppleWebKit/537.36 (KHTML, like Gecko) Chrome/142.0.0.0 Safari/537.36
2025-11-12 02:45:41,774 - __main__ - INFO - Content type: multipart/form-data; boundary=----WebKitFormBoundarycjfg8gHkkYcix5hX
2025-11-12 02:45:41,774 - __main__ - INFO - Content length: 161030 bytes
2025-11-12 02:45:41,774 - __main__ - INFO - ============================================================
2025-11-12 02:45:41,775 - __main__ - INFO - [3932d1fe] NEW AUDIO UPLOAD REQUEST
2025-11-12 02:45:41,775 - __main__ - INFO - ============================================================
2025-11-12 02:45:41,777 - __main__ - INFO - [3932d1fe] Vehicle info received: {'manufacturer': 'Mercedes-Benz', 'year': '2013', 'model': 'ML-Class', 'soundLocation': 'engine'}
2025-11-12 02:45:41,777 - __main__ - INFO - [3932d1fe] File received: recording.webm
2025-11-12 02:45:41,777 - __main__ - INFO - [3932d1fe] Content type: audio/webm
2025-11-12 02:45:41,778 - __main__ - INFO - [3932d1fe] Saving to: uploads\original_20251112_024541_db99c11c.webm
2025-11-12 02:45:41,781 - __main__ - INFO - [3932d1fe] File saved successfully: 160,652 bytes
2025-11-12 02:45:41,781 - __main__ - INFO - [3932d1fe] Starting FFmpeg conversion...
2025-11-12 02:45:41,892 - __main__ - INFO - [3932d1fe] FFmpeg conversion complete in 0.11s
2025-11-12 02:45:41,892 - __main__ - INFO - [3932d1fe] Starting audio analysis with librosa...
2025-11-12 02:45:45,707 - __main__ - INFO - [3932d1fe] Audio loaded: duration=9.96s, sr=44100Hz, samples=439236
2025-11-12 02:45:45,858 - __main__ - INFO - [3932d1fe] Basic features extracted: RMS=0.0047, ZCR=0.2696
2025-11-12 02:45:48,565 - __main__ - INFO - [3932d1fe] Tempo detected: 136.0 BPM
2025-11-12 02:45:48,690 - __main__ - INFO - [3932d1fe] Spectral features: centroid=6754.5Hz, rolloff=11662.7Hz, bandwidth=4585.7Hz
2025-11-12 02:45:48,691 - __main__ - INFO - [3932d1fe] Analysis complete in 6.80s
2025-11-12 02:45:48,692 - __main__ - INFO - [3932d1fe] Starting YouTube analysis (background)...
2025-11-12 02:46:02,772 - __main__ - INFO - [3932d1fe] Found 3 YouTube matches
2025-11-12 02:46:03,570 - __main__ - INFO - [3932d1fe] Best match similarity: 97.5%
2025-11-12 02:46:03,570 - __main__ - INFO - [3932d1fe] Using YouTube-matched diagnosis
2025-11-12 02:46:03,581 - __main__ - INFO - [3932d1fe] Running rule-based diagnostics...
2025-11-12 02:46:03,581 - __main__ - INFO - [3932d1fe] INFO: Low signal (RMS=0.0047)
2025-11-12 02:46:03,582 - __main__ - WARNING - [3932d1fe] CRITICAL: Extremely high frequency (6754.5Hz)
2025-11-12 02:46:03,582 - __main__ - WARNING - [3932d1fe] WARNING: Irregular pattern (ZCR=0.2696)
2025-11-12 02:46:03,583 - __main__ - WARNING - [3932d1fe] WARNING: Wide frequency spread (4585.7Hz)
2025-11-12 02:46:03,586 - __main__ - INFO - [3932d1fe] User audio files cleaned up
2025-11-12 02:46:03,588 - __main__ - INFO - ============================================================
2025-11-12 02:46:03,588 - __main__ - INFO - [3932d1fe] ANALYSIS COMPLETE
2025-11-12 02:46:03,589 - __main__ - INFO - [3932d1fe] Primary Issue: Timing chain/belt issue detected - immediate inspection needed
2025-11-12 02:46:03,590 - __main__ - INFO - [3932d1fe] Confidence: 97%
2025-11-12 02:46:03,590 - __main__ - INFO - [3932d1fe] Total Issues: 4
2025-11-12 02:46:03,590 - __main__ - INFO - [3932d1fe] Processing Time: 6.91s (conversion: 0.11s, analysis: 6.80s)
2025-11-12 02:46:03,590 - __main__ - INFO - ============================================================
2025-11-12 02:46:03,591 - __main__ - INFO - Response status: 200
2025-11-12 02:46:03,591 - __main__ - INFO - Response size: 1054 bytes
